<?xml version="1.0" encoding="UTF-8"?>
<testsuite name="io.github.dailystruggle.effectsapi.bukkit.LocalEffects.FoliaDispatchTest" tests="4" skipped="0" failures="0" errors="0" timestamp="2026-06-11T02:21:24.590Z" hostname="JOHN" time="1.866">
  <properties/>
  <testcase name="FireworkEffect.run routes spawn through the region dispatcher (Folia path)" classname="io.github.dailystruggle.effectsapi.bukkit.LocalEffects.FoliaDispatchTest" time="1.218"/>
  <testcase name="FireworkEffect dispatcher receives the entity location when target is an Entity" classname="io.github.dailystruggle.effectsapi.bukkit.LocalEffects.FoliaDispatchTest" time="0.326"/>
  <testcase name="PotionEffect falls back to legacy path when dispatcher returns false" classname="io.github.dailystruggle.effectsapi.bukkit.LocalEffects.FoliaDispatchTest" time="0.277"/>
  <testcase name="PotionEffect routes addPotionEffect through the entity dispatcher (Folia path)" classname="io.github.dailystruggle.effectsapi.bukkit.LocalEffects.FoliaDispatchTest" time="0.042"/>
  <system-out><![CDATA[]]></system-out>
  <system-err><![CDATA[WARNING: A Java agent has been loaded dynamically (C:\Users\lxgol\.gradle\caches\modules-2\files-2.1\net.bytebuddy\byte-buddy-agent\1.14.6\46e2545d7a97b6ccb195621650c5957279eb4812\byte-buddy-agent-1.14.6.jar)
WARNING: If a serviceability tool is in use, please run with -XX:+EnableDynamicAgentLoading to hide this warning
WARNING: If a serviceability tool is not in use, please run with -Djdk.instrument.traceUsage for more information
WARNING: Dynamic loading of agents will be disallowed by default in a future release
]]></system-err>
</testsuite>
