<?xml version="1.0" encoding="UTF-8"?>
<testsuite name="io.github.dailystruggle.effectsapi.FireworkEffectParseTest" tests="3" skipped="0" failures="0" errors="0" timestamp="2026-06-11T02:21:24.582Z" hostname="JOHN" time="0.008">
  <properties/>
  <testcase name="parsesCanonicalFireworkTokenSequence()" classname="io.github.dailystruggle.effectsapi.FireworkEffectParseTest" time="0.006"/>
  <testcase name="singleDigitDoesNotGreedilyConsumeColorSlot()" classname="io.github.dailystruggle.effectsapi.FireworkEffectParseTest" time="0.001"/>
  <testcase name="sixDigitHexStillParsesAsColor()" classname="io.github.dailystruggle.effectsapi.FireworkEffectParseTest" time="0.001"/>
  <system-out><![CDATA[]]></system-out>
  <system-err><![CDATA[]]></system-err>
</testsuite>
